2026-02-18 13:55:24.041 +05:30 [INF] Database migrations applied successfully
2026-02-18 13:55:24.464 +05:30 [INF] CryptoAlertSystem started successfully 🚀
2026-02-18 13:55:24.618 +05:30 [INF] CryptoBroadcastService started — broadcasting every 500ms
2026-02-18 13:55:25.550 +05:30 [INF] Connected to Binance WebSocket stream
2026-02-18 13:57:38.064 +05:30 [INF] HTTP POST /api/auth/login responded 200 in 355.0880 ms
2026-02-18 14:00:21.887 +05:30 [INF] HTTP GET /api/ticks/BTCUSDT responded 401 in 65.9004 ms
2026-02-18 14:01:20.076 +05:30 [INF] HTTP GET /api/ticks/BTCUSDT responded 200 in 844.0758 ms
2026-02-18 14:05:05.296 +05:30 [INF] HTTP GET /api/subscriptions responded 200 in 48.3377 ms
2026-02-18 14:14:13.509 +05:30 [INF] HTTP GET /api/auth/login responded 405 in 0.4697 ms
2026-02-18 14:14:22.261 +05:30 [INF] HTTP GET /api/auth/login responded 405 in 0.3480 ms
2026-02-18 14:14:23.126 +05:30 [INF] HTTP GET /api/auth/login responded 405 in 0.3059 ms
2026-02-18 14:14:23.391 +05:30 [INF] HTTP GET /api/auth/login responded 405 in 0.1482 ms
2026-02-18 14:14:31.492 +05:30 [INF] HTTP GET /api/auth/login responded 405 in 0.1884 ms
2026-02-18 14:19:24.861 +05:30 [INF] Database migrations applied successfully
2026-02-18 14:19:25.301 +05:30 [INF] CryptoAlertSystem started successfully 🚀
2026-02-18 14:19:25.480 +05:30 [INF] CryptoBroadcastService started — broadcasting every 500ms
2026-02-18 14:19:26.526 +05:30 [INF] Connected to Binance WebSocket stream
2026-02-18 14:20:29.652 +05:30 [INF] HTTP OPTIONS /api/auth/login responded 204 in 186.4713 ms
2026-02-18 14:20:29.882 +05:30 [INF] HTTP POST /api/auth/login responded 200 in 202.5146 ms
2026-02-18 14:20:30.064 +05:30 [INF] HTTP OPTIONS /hubs/crypto/negotiate responded 204 in 131.8378 ms
2026-02-18 14:23:41.582 +05:30 [INF] Database migrations applied successfully
2026-02-18 14:23:41.811 +05:30 [INF] CryptoAlertSystem started successfully 🚀
2026-02-18 14:23:41.908 +05:30 [INF] CryptoBroadcastService started — broadcasting every 500ms
2026-02-18 14:23:42.632 +05:30 [INF] Connected to Binance WebSocket stream
2026-02-18 14:24:27.589 +05:30 [INF] HTTP POST /api/auth/login responded 200 in 216.1409 ms
2026-02-18 14:35:24.364 +05:30 [ERR] WebSocket ingestion error. Reconnecting in 5s...
System.Net.WebSockets.WebSocketException (0x80004005): The remote party closed the WebSocket connection without completing the close handshake.
 ---> System.IO.IOException: Unable to read data from the transport connection: An existing connection was forcibly closed by the remote host..
 ---> System.Net.Sockets.SocketException (10054): An existing connection was forcibly closed by the remote host.
   --- End of inner exception stack trace ---
   at System.Net.Sockets.Socket.AwaitableSocketAsyncEventArgs.ThrowException(SocketError error, CancellationToken cancellationToken)
   at System.Net.Sockets.Socket.AwaitableSocketAsyncEventArgs.System.Threading.Tasks.Sources.IValueTaskSource<System.Int32>.GetResult(Int16 token)
   at System.Net.Security.SslStream.EnsureFullTlsFrameAsync[TIOAdapter](CancellationToken cancellationToken, Int32 estimatedSize)
   at System.Runtime.CompilerServices.PoolingAsyncValueTaskMethodBuilder`1.StateMachineBox`1.System.Threading.Tasks.Sources.IValueTaskSource<TResult>.GetResult(Int16 token)
   at System.Net.Security.SslStream.ReadAsyncInternal[TIOAdapter](Memory`1 buffer, CancellationToken cancellationToken)
   at System.Runtime.CompilerServices.PoolingAsyncValueTaskMethodBuilder`1.StateMachineBox`1.System.Threading.Tasks.Sources.IValueTaskSource<TResult>.GetResult(Int16 token)
   at System.Net.Http.HttpConnection.ReadBufferedAsyncCore(Memory`1 destination)
   at System.Runtime.CompilerServices.PoolingAsyncValueTaskMethodBuilder`1.StateMachineBox`1.System.Threading.Tasks.Sources.IValueTaskSource<TResult>.GetResult(Int16 token)
   at System.Net.Http.HttpConnection.RawConnectionStream.ReadAsync(Memory`1 buffer, CancellationToken cancellationToken)
   at System.Runtime.CompilerServices.PoolingAsyncValueTaskMethodBuilder`1.StateMachineBox`1.System.Threading.Tasks.Sources.IValueTaskSource<TResult>.GetResult(Int16 token)
   at System.IO.Stream.ReadAtLeastAsyncCore(Memory`1 buffer, Int32 minimumBytes, Boolean throwOnEndOfStream, CancellationToken cancellationToken)
   at System.Runtime.CompilerServices.PoolingAsyncValueTaskMethodBuilder`1.StateMachineBox`1.System.Threading.Tasks.Sources.IValueTaskSource<TResult>.GetResult(Int16 token)
   at System.Net.WebSockets.ManagedWebSocket.EnsureBufferContainsAsync(Int32 minimumRequiredBytes, CancellationToken cancellationToken)
   at System.Runtime.CompilerServices.PoolingAsyncValueTaskMethodBuilder`1.StateMachineBox`1.System.Threading.Tasks.Sources.IValueTaskSource.GetResult(Int16 token)
   at System.Net.WebSockets.ManagedWebSocket.ReceiveAsyncPrivate[TResult](Memory`1 payloadBuffer, CancellationToken cancellationToken)
   at System.Net.WebSockets.ManagedWebSocket.ReceiveAsyncPrivate[TResult](Memory`1 payloadBuffer, CancellationToken cancellationToken)
   at System.Runtime.CompilerServices.PoolingAsyncValueTaskMethodBuilder`1.StateMachineBox`1.System.Threading.Tasks.Sources.IValueTaskSource<TResult>.GetResult(Int16 token)
   at System.Threading.Tasks.ValueTask`1.ValueTaskSourceAsTask.<>c.<.cctor>b__4_0(Object state)
--- End of stack trace from previous location ---
   at CryptoAlertSystem.Services.CryptoIngestService.ConnectAndIngest(CancellationToken stoppingToken) in C:\Users\AdityaDigumarthy\source\repos\CryptoAlertSystem\CryptoAlertSystem\Services\CryptoIngestService.cs:line 65
   at CryptoAlertSystem.Services.CryptoIngestService.ExecuteAsync(CancellationToken stoppingToken) in C:\Users\AdityaDigumarthy\source\repos\CryptoAlertSystem\CryptoAlertSystem\Services\CryptoIngestService.cs:line 45
2026-02-18 14:35:29.959 +05:30 [INF] Connected to Binance WebSocket stream
2026-02-18 14:59:45.125 +05:30 [INF] Database migrations applied successfully
2026-02-18 14:59:45.250 +05:30 [INF] CryptoAlertSystem started successfully 🚀
2026-02-18 14:59:45.293 +05:30 [INF] CryptoBroadcastService started — broadcasting every 500ms
2026-02-18 14:59:45.770 +05:30 [INF] Connected to Binance WebSocket stream
2026-02-18 14:59:46.219 +05:30 [INF] HTTP GET / responded 404 in 29.9233 ms
2026-02-18 15:05:04.391 +05:30 [INF] Database migrations applied successfully
2026-02-18 15:05:04.599 +05:30 [INF] CryptoAlertSystem started successfully 🚀
2026-02-18 15:05:04.698 +05:30 [INF] CryptoBroadcastService started — broadcasting every 500ms
2026-02-18 15:05:05.415 +05:30 [INF] Connected to Binance WebSocket stream
2026-02-18 15:05:26.149 +05:30 [INF] HTTP GET /favicon.ico responded 404 in 100.1731 ms
2026-02-18 15:05:36.864 +05:30 [INF] HTTP POST /api/auth/login responded 200 in 128.9943 ms
2026-02-18 15:05:36.962 +05:30 [INF] HTTP POST /hubs/crypto/negotiate responded 200 in 79.2471 ms
2026-02-18 15:05:37.004 +05:30 [INF] Client connected: gYYE8eomh5FYZLbLBIhRnQ, User: user-001
2026-02-18 15:06:45.594 +05:30 [INF] User user-001 subscribed to BTCUSDT
2026-02-18 15:07:06.479 +05:30 [INF] User user-001 subscribed to ETHUSDT
2026-02-18 15:07:15.561 +05:30 [INF] User user-001 subscribed to SOLUSDT
2026-02-18 15:07:55.286 +05:30 [INF] HTTP GET /api/subscriptions responded 401 in 8.2203 ms
2026-02-18 15:08:14.113 +05:30 [INF] HTTP GET /api/subscriptions responded 401 in 9.5326 ms
2026-02-18 15:10:29.579 +05:30 [INF] HTTP POST /api/auth/login responded 200 in 2.0062 ms
2026-02-18 15:11:07.450 +05:30 [INF] HTTP GET /api/subscriptions responded 200 in 334.7700 ms
